app/build/outputs/logs/manifest-merger-debug-report.txt
-- Merging decision tree log ---
manifest
ADDED from src\main\AndroidManifest.xml:2:1-60:12
	xmlns:android
		ADDED from src\main\AndroidManifest.xml:3:11-69
	package
		ADDED from src\main\AndroidManifest.xml:2:11-55
		INJECTED from src\main\AndroidManifest.xml
		INJECTED from src\main\AndroidManifest.xml
	android:versionName
		ADDED from src\main\AndroidManifest.xml:5:11-36
		INJECTED from src\main\AndroidManifest.xml
		INJECTED from src\main\AndroidManifest.xml
	android:versionCode
		ADDED from src\main\AndroidManifest.xml:4:11-34
		INJECTED from src\main\AndroidManifest.xml
		INJECTED from src\main\AndroidManifest.xml
uses-permission#android.permission.VIBRATE
ADDED from src\main\AndroidManifest.xml:7:5-65
	android:name
		ADDED from src\main\AndroidManifest.xml:7:22-63
application
ADDED from src\main\AndroidManifest.xml:9:5-58:19
MERGED from [com.android.support:appcompat-v7:23.2.1] AndroidManifest.xml:25:5-20
MERGED from [com.android.support:support-v4:23.2.1] AndroidManifest.xml:22:5-20
MERGED from [com.android.support:animated-vector-drawable:23.2.1] AndroidManifest.xml:7:5-20
MERGED from [com.android.support:support-vector-drawable:23.2.1] AndroidManifest.xml:7:5-20
MERGED from [com.android.support:support-v4:23.2.1] AndroidManifest.xml:22:5-20
MERGED from [com.android.support:support-vector-drawable:23.2.1] AndroidManifest.xml:7:5-20
MERGED from [com.android.support:support-v4:23.2.1] AndroidManifest.xml:22:5-20
	android:label
		ADDED from src\main\AndroidManifest.xml:12:9-41
	android:allowBackup
		ADDED from src\main\AndroidManifest.xml:10:9-35
	android:icon
		ADDED from src\main\AndroidManifest.xml:11:9-43
	android:theme
		ADDED from src\main\AndroidManifest.xml:13:9-41
activity#com.clarkgarrett.stopwatchandtimer.Activities.StartupActivity
ADDED from src\main\AndroidManifest.xml:14:9-24:20
	android:windowSoftInputMode
		ADDED from src\main\AndroidManifest.xml:18:13-60
	android:screenOrientation
		ADDED from src\main\AndroidManifest.xml:17:13-55
	android:label
		ADDED from src\main\AndroidManifest.xml:16:13-45
	android:name
		ADDED from src\main\AndroidManifest.xml:15:13-55
intent-filter#android.intent.action.MAIN+android.intent.category.LAUNCHER
ADDED from src\main\AndroidManifest.xml:19:13-23:29
action#android.intent.action.MAIN
ADDED from src\main\AndroidManifest.xml:20:17-68
	android:name
		ADDED from src\main\AndroidManifest.xml:20:25-66
category#android.intent.category.LAUNCHER
ADDED from src\main\AndroidManifest.xml:22:17-76
	android:name
		ADDED from src\main\AndroidManifest.xml:22:27-74
activity#com.clarkgarrett.stopwatchandtimer.Activities.StopwatchActivity
ADDED from src\main\AndroidManifest.xml:25:9-31:20
	android:windowSoftInputMode
		ADDED from src\main\AndroidManifest.xml:30:13-60
	android:screenOrientation
		ADDED from src\main\AndroidManifest.xml:29:13-55
	android:label
		ADDED from src\main\AndroidManifest.xml:27:13-45
	android:parentActivityName
		ADDED from src\main\AndroidManifest.xml:28:13-69
	android:name
		ADDED from src\main\AndroidManifest.xml:26:13-57
activity#com.clarkgarrett.stopwatchandtimer.Activities.TimerActivity
ADDED from src\main\AndroidManifest.xml:32:9-38:20
	android:windowSoftInputMode
		ADDED from src\main\AndroidManifest.xml:37:13-60
	android:screenOrientation
		ADDED from src\main\AndroidManifest.xml:36:13-55
	android:label
		ADDED from src\main\AndroidManifest.xml:34:13-45
	android:parentActivityName
		ADDED from src\main\AndroidManifest.xml:35:13-69
	android:name
		ADDED from src\main\AndroidManifest.xml:33:13-53
activity#com.clarkgarrett.stopwatchandtimer.Activities.TimerSettingsActivity
ADDED from src\main\AndroidManifest.xml:39:9-44:20
	android:windowSoftInputMode
		ADDED from src\main\AndroidManifest.xml:43:13-61
	android:screenOrientation
		ADDED from src\main\AndroidManifest.xml:42:13-55
	android:parentActivityName
		ADDED from src\main\AndroidManifest.xml:41:13-67
	android:name
		ADDED from src\main\AndroidManifest.xml:40:13-61
activity#com.clarkgarrett.stopwatchandtimer.Activities.StopwatchSettingsActivity
ADDED from src\main\AndroidManifest.xml:46:9-50:20
	android:windowSoftInputMode
		ADDED from src\main\AndroidManifest.xml:49:19-66
	android:screenOrientation
		ADDED from src\main\AndroidManifest.xml:48:19-61
	android:parentActivityName
		ADDED from src\main\AndroidManifest.xml:47:19-77
	android:name
		ADDED from src\main\AndroidManifest.xml:46:19-71
receiver#com.clarkgarrett.stopwatchandtimer.AlarmReceiver
ADDED from src\main\AndroidManifest.xml:52:9-56:20
	android:name
		ADDED from src\main\AndroidManifest.xml:52:19-48
intent-filter#com.clarkgarrett.stopwatchandtimer.Alarm
ADDED from src\main\AndroidManifest.xml:53:13-55:29
action#com.clarkgarrett.stopwatchandtimer.Alarm
ADDED from src\main\AndroidManifest.xml:54:17-82
	android:name
		ADDED from src\main\AndroidManifest.xml:54:25-80
uses-sdk
INJECTED from src\main\AndroidManifest.xml reason: use-sdk injection requested
MERGED from [com.android.support:appcompat-v7:23.2.1] AndroidManifest.xml:21:5-23:78
MERGED from [com.android.support:support-v4:23.2.1] AndroidManifest.xml:20:5-43
MERGED from [com.android.support:animated-vector-drawable:23.2.1] AndroidManifest.xml:5:5-44
MERGED from [com.android.support:support-vector-drawable:23.2.1] AndroidManifest.xml:5:5-43
MERGED from [com.android.support:support-v4:23.2.1] AndroidManifest.xml:20:5-43
MERGED from [com.android.support:support-vector-drawable:23.2.1] AndroidManifest.xml:5:5-43
MERGED from [com.android.support:support-v4:23.2.1] AndroidManifest.xml:20:5-43
	android:targetSdkVersion
		INJECTED from src\main\AndroidManifest.xml
		INJECTED from src\main\AndroidManifest.xml
	android:minSdkVersion
		INJECTED from src\main\AndroidManifest.xml
		INJECTED from src\main\AndroidManifest.xml
	tools:overrideLibrary
		ADDED from [com.android.support:appcompat-v7:23.2.1] AndroidManifest.xml:23:9-75